0 silly argv {
0 silly argv   _: [ 'add' ],
0 silly argv   globs: [ 'models/package' ],
0 silly argv   lernaVersion: '4.0.0',
0 silly argv   '$0': 'lerna',
0 silly argv   pkg: 'path-exists@3.0.0'
0 silly argv }
1 notice cli v4.0.0
2 verbose rootPath /Users/m1pro/Desktop/mine/sj-main-project/sj-cli-dev
3 error JSONError: Unexpected token "}" (0x7D) in JSON at position 644 while parsing near "...stall\": \"^6.1.0\",\n  }\n}\n" in models/package/package.json
3 error
3 error [0m [90m 26 |[39m   [32m"dependencies"[39m[33m:[39m {[0m
3 error [0m [90m 27 |[39m     [32m"npminstall"[39m[33m:[39m [32m"^6.1.0"[39m[33m,[39m[0m
3 error [0m[31m[1m>[22m[39m[90m 28 |[39m   }[0m
3 error [0m [90m    |[39m   [31m[1m^[22m[39m[0m
3 error [0m [90m 29 |[39m }[0m
3 error [0m [90m 30 |[39m[0m
3 error
3 error     at parseJson (/Users/m1pro/Desktop/mine/sj-main-project/sj-cli-dev/node_modules/parse-json/index.js:29:21)
3 error     at parse (/Users/m1pro/Desktop/mine/sj-main-project/sj-cli-dev/node_modules/load-json-file/index.js:15:9)
3 error     at module.exports (/Users/m1pro/Desktop/mine/sj-main-project/sj-cli-dev/node_modules/load-json-file/index.js:18:47)
